DEB [20190522-12:53:51.262] thr=1   paramiko.transport: starting thread (client mode): 0xcb983f60
DEB [20190522-12:53:51.263] thr=1   paramiko.transport: Local version/idstring: SSH-2.0-paramiko_2.4.2
DEB [20190522-12:53:51.294] thr=1   paramiko.transport: Remote version/idstring: SSH-2.0-OpenSSH_7.6p1 Ubuntu-4ubuntu0.3
INF [20190522-12:53:51.295] thr=1   paramiko.transport: Connected (version 2.0, client OpenSSH_7.6p1)
DEB [20190522-12:53:51.295] thr=1   paramiko.transport: kex algos:['curve25519-sha256', 'curve25519-sha256@libssh.org', 'ecdh-sha2-nistp256', 'ecdh-sha2-nistp384', 'ecdh-sha2-nistp521', 'diffie-hellman-group-exchange-sha256', 'diffie-hellman-group16-sha512', 'diffie-hellman-group18-sha512', 'diffie-hellman-group14-sha256', 'diffie-hellman-group14-sha1'] server key:['ssh-rsa', 'rsa-sha2-512', 'rsa-sha2-256', 'ecdsa-sha2-nistp256', 'ssh-ed25519'] client encrypt:['chacha20-poly1305@openssh.com', 'aes128-ctr', 'aes192-ctr', 'aes256-ctr', 'aes128-gcm@openssh.com', 'aes256-gcm@openssh.com'] server encrypt:['chacha20-poly1305@openssh.com', 'aes128-ctr', 'aes192-ctr', 'aes256-ctr', 'aes128-gcm@openssh.com', 'aes256-gcm@openssh.com'] client mac:['umac-64-etm@openssh.com', 'umac-128-etm@openssh.com', 'hmac-sha2-256-etm@openssh.com', 'hmac-sha2-512-etm@openssh.com', 'hmac-sha1-etm@openssh.com', 'umac-64@openssh.com', 'umac-128@openssh.com', 'hmac-sha2-256', 'hmac-sha2-512', 'hmac-sha1'] server mac:['umac-64-etm@openssh.com', 'umac-128-etm@openssh.com', 'hmac-sha2-256-etm@openssh.com', 'hmac-sha2-512-etm@openssh.com', 'hmac-sha1-etm@openssh.com', 'umac-64@openssh.com', 'umac-128@openssh.com', 'hmac-sha2-256', 'hmac-sha2-512', 'hmac-sha1'] client compress:['none', 'zlib@openssh.com'] server compress:['none', 'zlib@openssh.com'] client lang:[''] server lang:[''] kex follows?False
DEB [20190522-12:53:51.296] thr=1   paramiko.transport: Kex agreed: ecdh-sha2-nistp256
DEB [20190522-12:53:51.296] thr=1   paramiko.transport: HostKey agreed: ssh-ed25519
DEB [20190522-12:53:51.296] thr=1   paramiko.transport: Cipher agreed: aes128-ctr
DEB [20190522-12:53:51.296] thr=1   paramiko.transport: MAC agreed: hmac-sha2-256
DEB [20190522-12:53:51.296] thr=1   paramiko.transport: Compression agreed: none
DEB [20190522-12:53:51.387] thr=1   paramiko.transport: kex engine KexNistp256 specified hash_algo <built-in function openssl_sha256>
DEB [20190522-12:53:51.388] thr=1   paramiko.transport: Switch to new keys ...
DEB [20190522-12:53:51.388] thr=2   paramiko.transport: Adding ssh-ed25519 host key for 127.0.01: b'4009f7b5700ce2fe59c74685109122f0'
DEB [20190522-12:53:51.421] thr=2   paramiko.transport: Trying SSH agent key b'89f39cf8d60b201c94b30b9bcd7e7d3a'
DEB [20190522-12:53:51.421] thr=1   paramiko.transport: userauth is OK
INF [20190522-12:53:51.458] thr=1   paramiko.transport: Authentication (publickey) failed.
DEB [20190522-12:53:51.459] thr=2   paramiko.transport: Trying discovered key b'89f39cf8d60b201c94b30b9bcd7e7d3a' in /home/remvord/.ssh/id_rsa
DEB [20190522-12:53:51.460] thr=1   paramiko.transport: userauth is OK
INF [20190522-12:53:51.464] thr=1   paramiko.transport: Authentication (publickey) failed.
DEB [20190522-12:53:51.465] thr=1   paramiko.transport: userauth is OK
INF [20190522-12:53:51.475] thr=1   paramiko.transport: Authentication (password) successful!
DEB [20190522-12:53:51.475] thr=2   paramiko.transport: [chan 0] Max packet in: 32768 bytes
DEB [20190522-12:53:51.970] thr=1   paramiko.transport: Received global request "hostkeys-00@openssh.com"
DEB [20190522-12:53:51.970] thr=1   paramiko.transport: Rejecting "hostkeys-00@openssh.com" global request from server.
DEB [20190522-12:53:52.010] thr=1   paramiko.transport: [chan 0] Max packet out: 32768 bytes
DEB [20190522-12:53:52.011] thr=1   paramiko.transport: Secsh channel 0 opened.
DEB [20190522-12:53:52.012] thr=1   paramiko.transport: [chan 0] Sesch channel 0 request ok
DEB [20190522-12:53:52.016] thr=1   paramiko.transport: [chan 0] EOF received (0)
DEB [20190522-12:53:52.016] thr=1   paramiko.transport: [chan 0] EOF sent (0)
DEB [20190522-12:53:52.016] thr=1   paramiko.transport: Dropping user packet because connection is dead.
DEB [20190522-12:53:52.017] thr=1   paramiko.transport: Dropping user packet because connection is dead.
DEB [20190522-12:54:36.197] thr=1   paramiko.transport: starting thread (client mode): 0x7e141f98
DEB [20190522-12:54:36.198] thr=1   paramiko.transport: Local version/idstring: SSH-2.0-paramiko_2.4.2
DEB [20190522-12:54:36.204] thr=1   paramiko.transport: Remote version/idstring: SSH-2.0-OpenSSH_7.6p1 Ubuntu-4ubuntu0.3
INF [20190522-12:54:36.204] thr=1   paramiko.transport: Connected (version 2.0, client OpenSSH_7.6p1)
DEB [20190522-12:54:36.205] thr=1   paramiko.transport: kex algos:['curve25519-sha256', 'curve25519-sha256@libssh.org', 'ecdh-sha2-nistp256', 'ecdh-sha2-nistp384', 'ecdh-sha2-nistp521', 'diffie-hellman-group-exchange-sha256', 'diffie-hellman-group16-sha512', 'diffie-hellman-group18-sha512', 'diffie-hellman-group14-sha256', 'diffie-hellman-group14-sha1'] server key:['ssh-rsa', 'rsa-sha2-512', 'rsa-sha2-256', 'ecdsa-sha2-nistp256', 'ssh-ed25519'] client encrypt:['chacha20-poly1305@openssh.com', 'aes128-ctr', 'aes192-ctr', 'aes256-ctr', 'aes128-gcm@openssh.com', 'aes256-gcm@openssh.com'] server encrypt:['chacha20-poly1305@openssh.com', 'aes128-ctr', 'aes192-ctr', 'aes256-ctr', 'aes128-gcm@openssh.com', 'aes256-gcm@openssh.com'] client mac:['umac-64-etm@openssh.com', 'umac-128-etm@openssh.com', 'hmac-sha2-256-etm@openssh.com', 'hmac-sha2-512-etm@openssh.com', 'hmac-sha1-etm@openssh.com', 'umac-64@openssh.com', 'umac-128@openssh.com', 'hmac-sha2-256', 'hmac-sha2-512', 'hmac-sha1'] server mac:['umac-64-etm@openssh.com', 'umac-128-etm@openssh.com', 'hmac-sha2-256-etm@openssh.com', 'hmac-sha2-512-etm@openssh.com', 'hmac-sha1-etm@openssh.com', 'umac-64@openssh.com', 'umac-128@openssh.com', 'hmac-sha2-256', 'hmac-sha2-512', 'hmac-sha1'] client compress:['none', 'zlib@openssh.com'] server compress:['none', 'zlib@openssh.com'] client lang:[''] server lang:[''] kex follows?False
DEB [20190522-12:54:36.206] thr=1   paramiko.transport: Kex agreed: ecdh-sha2-nistp256
DEB [20190522-12:54:36.206] thr=1   paramiko.transport: HostKey agreed: ssh-ed25519
DEB [20190522-12:54:36.206] thr=1   paramiko.transport: Cipher agreed: aes128-ctr
DEB [20190522-12:54:36.206] thr=1   paramiko.transport: MAC agreed: hmac-sha2-256
DEB [20190522-12:54:36.206] thr=1   paramiko.transport: Compression agreed: none
DEB [20190522-12:54:36.258] thr=1   paramiko.transport: kex engine KexNistp256 specified hash_algo <built-in function openssl_sha256>
DEB [20190522-12:54:36.258] thr=1   paramiko.transport: Switch to new keys ...
DEB [20190522-12:54:36.258] thr=2   paramiko.transport: Adding ssh-ed25519 host key for 127.0.01: b'4009f7b5700ce2fe59c74685109122f0'
DEB [20190522-12:54:36.259] thr=2   paramiko.transport: Trying SSH agent key b'89f39cf8d60b201c94b30b9bcd7e7d3a'
DEB [20190522-12:54:36.302] thr=1   paramiko.transport: userauth is OK
INF [20190522-12:54:36.308] thr=1   paramiko.transport: Authentication (publickey) failed.
DEB [20190522-12:54:36.309] thr=2   paramiko.transport: Trying discovered key b'89f39cf8d60b201c94b30b9bcd7e7d3a' in /home/remvord/.ssh/id_rsa
DEB [20190522-12:54:36.310] thr=1   paramiko.transport: userauth is OK
INF [20190522-12:54:36.314] thr=1   paramiko.transport: Authentication (publickey) failed.
DEB [20190522-12:54:36.315] thr=1   paramiko.transport: userauth is OK
INF [20190522-12:54:36.322] thr=1   paramiko.transport: Authentication (password) successful!
DEB [20190522-12:54:36.323] thr=2   paramiko.transport: [chan 0] Max packet in: 32768 bytes
DEB [20190522-12:54:36.528] thr=1   paramiko.transport: Received global request "hostkeys-00@openssh.com"
DEB [20190522-12:54:36.528] thr=1   paramiko.transport: Rejecting "hostkeys-00@openssh.com" global request from server.
DEB [20190522-12:54:36.570] thr=1   paramiko.transport: [chan 0] Max packet out: 32768 bytes
DEB [20190522-12:54:36.571] thr=1   paramiko.transport: Secsh channel 0 opened.
DEB [20190522-12:54:36.572] thr=1   paramiko.transport: [chan 0] Sesch channel 0 request ok
DEB [20190522-12:54:36.705] thr=1   paramiko.transport: [chan 0] EOF received (0)
DEB [20190522-12:54:36.705] thr=1   paramiko.transport: [chan 0] EOF sent (0)
DEB [20190522-12:56:25.014] thr=1   paramiko.transport: starting thread (client mode): 0xcc2abf98
DEB [20190522-12:56:25.014] thr=1   paramiko.transport: Local version/idstring: SSH-2.0-paramiko_2.4.2
DEB [20190522-12:56:25.020] thr=1   paramiko.transport: Remote version/idstring: SSH-2.0-OpenSSH_7.6p1 Ubuntu-4ubuntu0.3
INF [20190522-12:56:25.020] thr=1   paramiko.transport: Connected (version 2.0, client OpenSSH_7.6p1)
DEB [20190522-12:56:25.021] thr=1   paramiko.transport: kex algos:['curve25519-sha256', 'curve25519-sha256@libssh.org', 'ecdh-sha2-nistp256', 'ecdh-sha2-nistp384', 'ecdh-sha2-nistp521', 'diffie-hellman-group-exchange-sha256', 'diffie-hellman-group16-sha512', 'diffie-hellman-group18-sha512', 'diffie-hellman-group14-sha256', 'diffie-hellman-group14-sha1'] server key:['ssh-rsa', 'rsa-sha2-512', 'rsa-sha2-256', 'ecdsa-sha2-nistp256', 'ssh-ed25519'] client encrypt:['chacha20-poly1305@openssh.com', 'aes128-ctr', 'aes192-ctr', 'aes256-ctr', 'aes128-gcm@openssh.com', 'aes256-gcm@openssh.com'] server encrypt:['chacha20-poly1305@openssh.com', 'aes128-ctr', 'aes192-ctr', 'aes256-ctr', 'aes128-gcm@openssh.com', 'aes256-gcm@openssh.com'] client mac:['umac-64-etm@openssh.com', 'umac-128-etm@openssh.com', 'hmac-sha2-256-etm@openssh.com', 'hmac-sha2-512-etm@openssh.com', 'hmac-sha1-etm@openssh.com', 'umac-64@openssh.com', 'umac-128@openssh.com', 'hmac-sha2-256', 'hmac-sha2-512', 'hmac-sha1'] server mac:['umac-64-etm@openssh.com', 'umac-128-etm@openssh.com', 'hmac-sha2-256-etm@openssh.com', 'hmac-sha2-512-etm@openssh.com', 'hmac-sha1-etm@openssh.com', 'umac-64@openssh.com', 'umac-128@openssh.com', 'hmac-sha2-256', 'hmac-sha2-512', 'hmac-sha1'] client compress:['none', 'zlib@openssh.com'] server compress:['none', 'zlib@openssh.com'] client lang:[''] server lang:[''] kex follows?False
DEB [20190522-12:56:25.021] thr=1   paramiko.transport: Kex agreed: ecdh-sha2-nistp256
DEB [20190522-12:56:25.021] thr=1   paramiko.transport: HostKey agreed: ssh-ed25519
DEB [20190522-12:56:25.021] thr=1   paramiko.transport: Cipher agreed: aes128-ctr
DEB [20190522-12:56:25.021] thr=1   paramiko.transport: MAC agreed: hmac-sha2-256
DEB [20190522-12:56:25.021] thr=1   paramiko.transport: Compression agreed: none
DEB [20190522-12:56:25.066] thr=1   paramiko.transport: kex engine KexNistp256 specified hash_algo <built-in function openssl_sha256>
DEB [20190522-12:56:25.066] thr=1   paramiko.transport: Switch to new keys ...
DEB [20190522-12:56:25.066] thr=2   paramiko.transport: Adding ssh-ed25519 host key for 127.0.01: b'4009f7b5700ce2fe59c74685109122f0'
DEB [20190522-12:56:25.067] thr=2   paramiko.transport: Trying SSH agent key b'89f39cf8d60b201c94b30b9bcd7e7d3a'
DEB [20190522-12:56:25.106] thr=1   paramiko.transport: userauth is OK
INF [20190522-12:56:25.112] thr=1   paramiko.transport: Authentication (publickey) failed.
DEB [20190522-12:56:25.114] thr=2   paramiko.transport: Trying discovered key b'89f39cf8d60b201c94b30b9bcd7e7d3a' in /home/remvord/.ssh/id_rsa
DEB [20190522-12:56:25.114] thr=1   paramiko.transport: userauth is OK
INF [20190522-12:56:25.117] thr=1   paramiko.transport: Authentication (publickey) failed.
DEB [20190522-12:56:25.118] thr=1   paramiko.transport: userauth is OK
INF [20190522-12:56:25.126] thr=1   paramiko.transport: Authentication (password) successful!
DEB [20190522-12:56:25.126] thr=2   paramiko.transport: [chan 0] Max packet in: 32768 bytes
DEB [20190522-12:56:25.325] thr=1   paramiko.transport: Received global request "hostkeys-00@openssh.com"
DEB [20190522-12:56:25.325] thr=1   paramiko.transport: Rejecting "hostkeys-00@openssh.com" global request from server.
DEB [20190522-12:56:25.366] thr=1   paramiko.transport: [chan 0] Max packet out: 32768 bytes
DEB [20190522-12:56:25.367] thr=1   paramiko.transport: Secsh channel 0 opened.
DEB [20190522-12:56:25.368] thr=1   paramiko.transport: [chan 0] Sesch channel 0 request ok
DEB [20190522-12:56:25.500] thr=1   paramiko.transport: [chan 0] EOF received (0)
DEB [20190522-12:56:25.501] thr=1   paramiko.transport: [chan 0] EOF sent (0)
DEB [20190522-12:56:25.501] thr=1   paramiko.transport: EOF in transport thread
